{"level":30,"time":1729019262382,"pid":5580,"hostname":"Giovane","name":"service","msg":"started HTTP server on localhost:3333"}
{"level":30,"time":1729019345400,"pid":16480,"hostname":"Giovane","name":"service","msg":"started HTTP server on localhost:3333"}
{"level":30,"time":1729019351541,"pid":15452,"hostname":"Giovane","name":"service","msg":"started HTTP server on localhost:3333"}
{"level":30,"time":1729019367979,"pid":10680,"hostname":"Giovane","name":"service","msg":"started HTTP server on localhost:3333"}
{"level":30,"time":1729019370553,"pid":15312,"hostname":"Giovane","name":"service","msg":"started HTTP server on localhost:3333"}
{"level":30,"time":1729019393056,"pid":18240,"hostname":"Giovane","name":"service","msg":"started HTTP server on localhost:3333"}
{"level":30,"time":1729019462249,"pid":15464,"hostname":"Giovane","name":"service","msg":"started HTTP server on localhost:3333"}
{"level":30,"time":1729019464756,"pid":14320,"hostname":"Giovane","name":"service","msg":"started HTTP server on localhost:3333"}
{"level":30,"time":1729019473302,"pid":9012,"hostname":"Giovane","name":"service","msg":"started HTTP server on localhost:3333"}
{"level":30,"time":1729019576239,"pid":13556,"hostname":"Giovane","name":"service","msg":"started HTTP server on localhost:3333"}
{"level":30,"time":1729019617163,"pid":19836,"hostname":"Giovane","name":"service","msg":"started HTTP server on localhost:3333"}
{"level":30,"time":1729019677487,"pid":2376,"hostname":"Giovane","name":"service","msg":"started HTTP server on localhost:3333"}
{"level":30,"time":1729019687435,"pid":13148,"hostname":"Giovane","name":"service","msg":"started HTTP server on localhost:3333"}
{"level":30,"time":1729019697985,"pid":12796,"hostname":"Giovane","name":"service","msg":"started HTTP server on localhost:3333"}
{"level":50,"time":1729019703095,"pid":12796,"hostname":"Giovane","name":"service","request_id":"jbu5fawlyckfzqjh23p3pqs5","err":{"type":"TypeError","message":"Cannot read properties of undefined (reading 'replace')","stack":"TypeError: Cannot read properties of undefined (reading 'replace')\n    at CommentParser.parseBody (C:\\Projetos\\JavaScript\\api-servico\\node_modules\\adonis-autoswagger\\dist\\parsers.js:297:28)\n    at CommentParser.parseResponseBody (C:\\Projetos\\JavaScript\\api-servico\\node_modules\\adonis-autoswagger\\dist\\parsers.js:229:34)\n    at C:\\Projetos\\JavaScript\\api-servico\\node_modules\\adonis-autoswagger\\dist\\parsers.js:48:29\n    at Array.forEach (<anonymous>)\n    at CommentParser.parseAnnotations (C:\\Projetos\\JavaScript\\api-servico\\node_modules\\adonis-autoswagger\\dist\\parsers.js:32:15)\n    at C:\\Projetos\\JavaScript\\api-servico\\node_modules\\adonis-autoswagger\\dist\\parsers.js:409:44\n    at Array.forEach (<anonymous>)\n    at CommentParser.getAnnotations (C:\\Projetos\\JavaScript\\api-servico\\node_modules\\adonis-autoswagger\\dist\\parsers.js:401:22)\n    at AutoSwagger.getDataBasedOnAdonisVersion (C:\\Projetos\\JavaScript\\api-servico\\node_modules\\adonis-autoswagger\\dist\\autoswagger.js:494:58)\n    at async AutoSwagger.generate (C:\\Projetos\\JavaScript\\api-servico\\node_modules\\adonis-autoswagger\\dist\\autoswagger.js:325:76)","status":500},"x-request-id":"jbu5fawlyckfzqjh23p3pqs5","msg":"Cannot read properties of undefined (reading 'replace')"}
{"level":30,"time":1729019718923,"pid":17056,"hostname":"Giovane","name":"service","msg":"started HTTP server on localhost:3333"}
{"level":30,"time":1729019722388,"pid":16848,"hostname":"Giovane","name":"service","msg":"started HTTP server on localhost:3333"}
{"level":50,"time":1729019722717,"pid":16848,"hostname":"Giovane","name":"service","request_id":"sxnw0bay32hd13s04ua3tsyd","err":{"type":"TypeError","message":"Cannot read properties of undefined (reading 'replace')","stack":"TypeError: Cannot read properties of undefined (reading 'replace')\n    at CommentParser.parseBody (C:\\Projetos\\JavaScript\\api-servico\\node_modules\\adonis-autoswagger\\dist\\parsers.js:297:28)\n    at CommentParser.parseResponseBody (C:\\Projetos\\JavaScript\\api-servico\\node_modules\\adonis-autoswagger\\dist\\parsers.js:229:34)\n    at C:\\Projetos\\JavaScript\\api-servico\\node_modules\\adonis-autoswagger\\dist\\parsers.js:48:29\n    at Array.forEach (<anonymous>)\n    at CommentParser.parseAnnotations (C:\\Projetos\\JavaScript\\api-servico\\node_modules\\adonis-autoswagger\\dist\\parsers.js:32:15)\n    at C:\\Projetos\\JavaScript\\api-servico\\node_modules\\adonis-autoswagger\\dist\\parsers.js:409:44\n    at Array.forEach (<anonymous>)\n    at CommentParser.getAnnotations (C:\\Projetos\\JavaScript\\api-servico\\node_modules\\adonis-autoswagger\\dist\\parsers.js:401:22)\n    at AutoSwagger.getDataBasedOnAdonisVersion (C:\\Projetos\\JavaScript\\api-servico\\node_modules\\adonis-autoswagger\\dist\\autoswagger.js:494:58)\n    at async AutoSwagger.generate (C:\\Projetos\\JavaScript\\api-servico\\node_modules\\adonis-autoswagger\\dist\\autoswagger.js:325:76)","status":500},"x-request-id":"sxnw0bay32hd13s04ua3tsyd","msg":"Cannot read properties of undefined (reading 'replace')"}
{"level":30,"time":1729019734551,"pid":12564,"hostname":"Giovane","name":"service","msg":"started HTTP server on localhost:3333"}
{"level":50,"time":1729019735047,"pid":12564,"hostname":"Giovane","name":"service","request_id":"lnixn1mmwic8bkdlew3zhfwi","err":{"type":"TypeError","message":"Cannot read properties of undefined (reading 'replace')","stack":"TypeError: Cannot read properties of undefined (reading 'replace')\n    at CommentParser.parseBody (C:\\Projetos\\JavaScript\\api-servico\\node_modules\\adonis-autoswagger\\dist\\parsers.js:297:28)\n    at CommentParser.parseResponseBody (C:\\Projetos\\JavaScript\\api-servico\\node_modules\\adonis-autoswagger\\dist\\parsers.js:229:34)\n    at C:\\Projetos\\JavaScript\\api-servico\\node_modules\\adonis-autoswagger\\dist\\parsers.js:48:29\n    at Array.forEach (<anonymous>)\n    at CommentParser.parseAnnotations (C:\\Projetos\\JavaScript\\api-servico\\node_modules\\adonis-autoswagger\\dist\\parsers.js:32:15)\n    at C:\\Projetos\\JavaScript\\api-servico\\node_modules\\adonis-autoswagger\\dist\\parsers.js:409:44\n    at Array.forEach (<anonymous>)\n    at CommentParser.getAnnotations (C:\\Projetos\\JavaScript\\api-servico\\node_modules\\adonis-autoswagger\\dist\\parsers.js:401:22)\n    at AutoSwagger.getDataBasedOnAdonisVersion (C:\\Projetos\\JavaScript\\api-servico\\node_modules\\adonis-autoswagger\\dist\\autoswagger.js:494:58)\n    at async AutoSwagger.generate (C:\\Projetos\\JavaScript\\api-servico\\node_modules\\adonis-autoswagger\\dist\\autoswagger.js:325:76)","status":500},"x-request-id":"lnixn1mmwic8bkdlew3zhfwi","msg":"Cannot read properties of undefined (reading 'replace')"}
{"level":30,"time":1729019763835,"pid":16348,"hostname":"Giovane","name":"service","msg":"started HTTP server on localhost:3333"}
{"level":50,"time":1729019765947,"pid":16348,"hostname":"Giovane","name":"service","request_id":"dwdejf3lw2u800p07nr5o9ca","err":{"type":"TypeError","message":"Cannot read properties of undefined (reading 'replace')","stack":"TypeError: Cannot read properties of undefined (reading 'replace')\n    at CommentParser.parseBody (C:\\Projetos\\JavaScript\\api-servico\\node_modules\\adonis-autoswagger\\dist\\parsers.js:297:28)\n    at CommentParser.parseResponseBody (C:\\Projetos\\JavaScript\\api-servico\\node_modules\\adonis-autoswagger\\dist\\parsers.js:229:34)\n    at C:\\Projetos\\JavaScript\\api-servico\\node_modules\\adonis-autoswagger\\dist\\parsers.js:48:29\n    at Array.forEach (<anonymous>)\n    at CommentParser.parseAnnotations (C:\\Projetos\\JavaScript\\api-servico\\node_modules\\adonis-autoswagger\\dist\\parsers.js:32:15)\n    at C:\\Projetos\\JavaScript\\api-servico\\node_modules\\adonis-autoswagger\\dist\\parsers.js:409:44\n    at Array.forEach (<anonymous>)\n    at CommentParser.getAnnotations (C:\\Projetos\\JavaScript\\api-servico\\node_modules\\adonis-autoswagger\\dist\\parsers.js:401:22)\n    at AutoSwagger.getDataBasedOnAdonisVersion (C:\\Projetos\\JavaScript\\api-servico\\node_modules\\adonis-autoswagger\\dist\\autoswagger.js:494:58)\n    at async AutoSwagger.generate (C:\\Projetos\\JavaScript\\api-servico\\node_modules\\adonis-autoswagger\\dist\\autoswagger.js:325:76)","status":500},"x-request-id":"dwdejf3lw2u800p07nr5o9ca","msg":"Cannot read properties of undefined (reading 'replace')"}
{"level":30,"time":1729019804900,"pid":9124,"hostname":"Giovane","name":"service","msg":"started HTTP server on localhost:3333"}
{"level":30,"time":1729019854919,"pid":9500,"hostname":"Giovane","name":"service","msg":"started HTTP server on localhost:3333"}
{"level":30,"time":1729019901154,"pid":13264,"hostname":"Giovane","name":"service","msg":"started HTTP server on localhost:3333"}
{"level":30,"time":1729019935233,"pid":4792,"hostname":"Giovane","name":"service","msg":"started HTTP server on localhost:3333"}
{"level":30,"time":1729019951640,"pid":17920,"hostname":"Giovane","name":"service","msg":"started HTTP server on localhost:3333"}
{"level":30,"time":1729019967511,"pid":2008,"hostname":"Giovane","name":"service","msg":"started HTTP server on localhost:3333"}
{"level":30,"time":1729019971244,"pid":6092,"hostname":"Giovane","name":"service","msg":"started HTTP server on localhost:3333"}
{"level":30,"time":1729019988584,"pid":16264,"hostname":"Giovane","name":"service","msg":"started HTTP server on localhost:3333"}
{"level":30,"time":1729019994370,"pid":11876,"hostname":"Giovane","name":"service","msg":"started HTTP server on localhost:3333"}
{"level":30,"time":1729020029137,"pid":9252,"hostname":"Giovane","name":"service","msg":"started HTTP server on localhost:3333"}
{"level":30,"time":1729020036445,"pid":14100,"hostname":"Giovane","name":"service","msg":"started HTTP server on localhost:3333"}
{"level":30,"time":1729020051756,"pid":12672,"hostname":"Giovane","name":"service","msg":"started HTTP server on localhost:3333"}
{"level":30,"time":1729020092490,"pid":13252,"hostname":"Giovane","name":"service","msg":"started HTTP server on localhost:3333"}
{"level":30,"time":1729020101313,"pid":17592,"hostname":"Giovane","name":"service","msg":"started HTTP server on localhost:3333"}
{"level":30,"time":1729020119596,"pid":588,"hostname":"Giovane","name":"service","msg":"started HTTP server on localhost:3333"}
{"level":30,"time":1729020129465,"pid":14072,"hostname":"Giovane","name":"service","msg":"started HTTP server on localhost:3333"}
{"level":30,"time":1729020154454,"pid":5500,"hostname":"Giovane","name":"service","msg":"started HTTP server on localhost:3333"}
{"level":30,"time":1729020164980,"pid":19488,"hostname":"Giovane","name":"service","msg":"started HTTP server on localhost:3333"}
{"level":30,"time":1729020169171,"pid":5184,"hostname":"Giovane","name":"service","msg":"started HTTP server on localhost:3333"}
{"level":30,"time":1729020180823,"pid":3688,"hostname":"Giovane","name":"service","msg":"started HTTP server on localhost:3333"}
{"level":30,"time":1729020190903,"pid":15656,"hostname":"Giovane","name":"service","msg":"started HTTP server on localhost:3333"}
{"level":30,"time":1729020200759,"pid":14016,"hostname":"Giovane","name":"service","msg":"started HTTP server on localhost:3333"}
{"level":30,"time":1729020202765,"pid":2412,"hostname":"Giovane","name":"service","msg":"started HTTP server on localhost:3333"}
{"level":30,"time":1729020207412,"pid":10024,"hostname":"Giovane","name":"service","msg":"started HTTP server on localhost:3333"}
{"level":30,"time":1729022140644,"pid":11908,"hostname":"Giovane","name":"service","msg":"started HTTP server on localhost:3333"}
{"level":30,"time":1729022423801,"pid":3684,"hostname":"Giovane","name":"service","msg":"started HTTP server on localhost:3333"}
{"level":30,"time":1729022450149,"pid":14004,"hostname":"Giovane","name":"service","msg":"started HTTP server on localhost:3333"}
{"level":30,"time":1729022458883,"pid":19172,"hostname":"Giovane","name":"service","msg":"started HTTP server on localhost:3333"}
{"level":30,"time":1729022473534,"pid":2524,"hostname":"Giovane","name":"service","msg":"started HTTP server on localhost:3333"}
{"level":30,"time":1729022480454,"pid":15424,"hostname":"Giovane","name":"service","msg":"started HTTP server on localhost:3333"}
{"level":30,"time":1729022505211,"pid":11928,"hostname":"Giovane","name":"service","msg":"started HTTP server on localhost:3333"}
{"level":30,"time":1729022519713,"pid":20460,"hostname":"Giovane","name":"service","msg":"started HTTP server on localhost:3333"}
{"level":30,"time":1729022524791,"pid":12916,"hostname":"Giovane","name":"service","msg":"started HTTP server on localhost:3333"}
{"level":30,"time":1729022531840,"pid":9092,"hostname":"Giovane","name":"service","msg":"started HTTP server on localhost:3333"}
{"level":30,"time":1729022545061,"pid":15936,"hostname":"Giovane","name":"service","msg":"started HTTP server on localhost:3333"}
{"level":30,"time":1729022597732,"pid":15548,"hostname":"Giovane","name":"service","msg":"started HTTP server on localhost:3333"}
{"level":30,"time":1729022624278,"pid":7780,"hostname":"Giovane","name":"service","msg":"started HTTP server on localhost:3333"}
{"level":30,"time":1729022639127,"pid":3012,"hostname":"Giovane","name":"service","msg":"started HTTP server on localhost:3333"}
{"level":30,"time":1729022649783,"pid":8256,"hostname":"Giovane","name":"service","msg":"started HTTP server on localhost:3333"}
{"level":30,"time":1729022660323,"pid":20320,"hostname":"Giovane","name":"service","msg":"started HTTP server on localhost:3333"}
{"level":30,"time":1729022689613,"pid":17208,"hostname":"Giovane","name":"service","msg":"started HTTP server on localhost:3333"}
{"level":30,"time":1729022701704,"pid":1144,"hostname":"Giovane","name":"service","msg":"started HTTP server on localhost:3333"}
{"level":30,"time":1729022719579,"pid":17548,"hostname":"Giovane","name":"service","msg":"started HTTP server on localhost:3333"}
{"level":30,"time":1729022729611,"pid":16084,"hostname":"Giovane","name":"service","msg":"started HTTP server on localhost:3333"}
{"level":30,"time":1729022766345,"pid":11024,"hostname":"Giovane","name":"service","msg":"started HTTP server on localhost:3333"}
{"level":30,"time":1729022768552,"pid":17904,"hostname":"Giovane","name":"service","msg":"started HTTP server on localhost:3333"}
{"level":30,"time":1729022783424,"pid":11928,"hostname":"Giovane","name":"service","msg":"started HTTP server on localhost:3333"}
{"level":30,"time":1729022789712,"pid":5600,"hostname":"Giovane","name":"service","msg":"started HTTP server on localhost:3333"}
{"level":30,"time":1729022810359,"pid":2584,"hostname":"Giovane","name":"service","msg":"started HTTP server on localhost:3333"}
{"level":30,"time":1729022833938,"pid":18072,"hostname":"Giovane","name":"service","msg":"started HTTP server on localhost:3333"}
{"level":30,"time":1729022839794,"pid":19048,"hostname":"Giovane","name":"service","msg":"started HTTP server on localhost:3333"}
{"level":30,"time":1729022857090,"pid":18652,"hostname":"Giovane","name":"service","msg":"started HTTP server on localhost:3333"}
{"level":30,"time":1729022871129,"pid":8788,"hostname":"Giovane","name":"service","msg":"started HTTP server on localhost:3333"}
{"level":30,"time":1729022873831,"pid":16396,"hostname":"Giovane","name":"service","msg":"started HTTP server on localhost:3333"}
{"level":30,"time":1729022886371,"pid":12112,"hostname":"Giovane","name":"service","msg":"started HTTP server on localhost:3333"}
{"level":30,"time":1729022897708,"pid":16328,"hostname":"Giovane","name":"service","msg":"started HTTP server on localhost:3333"}
{"level":30,"time":1729022913836,"pid":7164,"hostname":"Giovane","name":"service","msg":"started HTTP server on localhost:3333"}
{"level":30,"time":1729022923098,"pid":7536,"hostname":"Giovane","name":"service","msg":"started HTTP server on localhost:3333"}
{"level":30,"time":1729022933107,"pid":7700,"hostname":"Giovane","name":"service","msg":"started HTTP server on localhost:3333"}
{"level":30,"time":1729022965709,"pid":15132,"hostname":"Giovane","name":"service","msg":"started HTTP server on localhost:3333"}
{"level":30,"time":1729022985578,"pid":15148,"hostname":"Giovane","name":"service","msg":"started HTTP server on localhost:3333"}
{"level":30,"time":1729023002292,"pid":18332,"hostname":"Giovane","name":"service","msg":"started HTTP server on localhost:3333"}
{"level":30,"time":1729023022120,"pid":17468,"hostname":"Giovane","name":"service","msg":"started HTTP server on localhost:3333"}
{"level":30,"time":1729023058435,"pid":10284,"hostname":"Giovane","name":"service","msg":"started HTTP server on localhost:3333"}
{"level":30,"time":1729023107130,"pid":7816,"hostname":"Giovane","name":"service","msg":"started HTTP server on localhost:3333"}
{"level":30,"time":1729023297919,"pid":5716,"hostname":"Giovane","name":"service","msg":"started HTTP server on localhost:3333"}
{"level":30,"time":1729023314811,"pid":10112,"hostname":"Giovane","name":"service","msg":"started HTTP server on localhost:3333"}
{"level":30,"time":1729023527426,"pid":14564,"hostname":"Giovane","name":"service","msg":"started HTTP server on localhost:3333"}
{"level":30,"time":1729023539599,"pid":14808,"hostname":"Giovane","name":"service","msg":"started HTTP server on localhost:3333"}
{"level":30,"time":1729023572134,"pid":13196,"hostname":"Giovane","name":"service","msg":"started HTTP server on localhost:3333"}
{"level":30,"time":1729023578503,"pid":19416,"hostname":"Giovane","name":"service","msg":"started HTTP server on localhost:3333"}
{"level":30,"time":1729023591469,"pid":16116,"hostname":"Giovane","name":"service","msg":"started HTTP server on localhost:3333"}
{"level":30,"time":1729023602070,"pid":16796,"hostname":"Giovane","name":"service","msg":"started HTTP server on localhost:3333"}
{"level":30,"time":1729023611320,"pid":7028,"hostname":"Giovane","name":"service","msg":"started HTTP server on localhost:3333"}
{"level":30,"time":1729023639252,"pid":20160,"hostname":"Giovane","name":"service","msg":"started HTTP server on localhost:3333"}
{"level":30,"time":1729023766464,"pid":8040,"hostname":"Giovane","name":"service","msg":"started HTTP server on localhost:3333"}
{"level":30,"time":1729023788717,"pid":16660,"hostname":"Giovane","name":"service","msg":"started HTTP server on localhost:3333"}
{"level":30,"time":1729023831470,"pid":8164,"hostname":"Giovane","name":"service","msg":"started HTTP server on localhost:3333"}
{"level":30,"time":1729023843172,"pid":14876,"hostname":"Giovane","name":"service","msg":"started HTTP server on localhost:3333"}
{"level":30,"time":1729023925352,"pid":6348,"hostname":"Giovane","name":"service","msg":"started HTTP server on localhost:3333"}
{"level":30,"time":1729023996060,"pid":6572,"hostname":"Giovane","name":"service","msg":"started HTTP server on localhost:3333"}
{"level":30,"time":1729024082179,"pid":11024,"hostname":"Giovane","name":"service","msg":"started HTTP server on localhost:3333"}
{"level":30,"time":1729028165953,"pid":12960,"hostname":"Giovane","name":"service","msg":"started HTTP server on localhost:3333"}
{"level":30,"time":1729028192817,"pid":9488,"hostname":"Giovane","name":"service","msg":"started HTTP server on localhost:3333"}
